#
# A fatal error has been detected by the Java Runtime Environment:
#
#  SIGBUS (0x7) at pc=0x00007f65a24abe10, pid=11573, tid=0x00007f65a5c4a700
#
# JRE version: OpenJDK Runtime Environment (8.0_171-b11) (build 1.8.0_171-8u171-b11-0ubuntu0.18.04.1-b11)
# Java VM: OpenJDK 64-Bit Server VM (25.171-b11 mixed mode linux-amd64 compressed oops)
# Problematic frame:
# C  [libzip.so+0x4e10]
#
# Failed to write core dump. Core dumps have been disabled. To enable core dumping, try "ulimit -c unlimited" before starting Java again
#
# If you would like to submit a bug report, please visit:
#   http://bugreport.java.com/bugreport/crash.jsp
# The crash happened outside the Java Virtual Machine in native code.
# See problematic frame for where to report the bug.
#

---------------  T H R E A D  ---------------

Current thread (0x00007f659c00b800):  JavaThread "main" [_thread_in_native, id=11592, stack(0x00007f65a5b4b000,0x00007f65a5c4b000)]

siginfo: si_signo: 7 (SIGBUS), si_code: 2 (BUS_ADRERR), si_addr: 0x00007f657d0dc858

Registers:
RAX=0x00007f659cc48340, RBX=0x00007f659d1fb250, RCX=0x00007f659c0008d0, RDX=0x00007f659cc48340
RSP=0x00007f65a5c47d80, RBP=0x00007f65a5c47df0, RSI=0x00007f659c0008e8, RDI=0x00007f659d3b1e50
R8 =0x00000000498b9410, R9 =0x000000000000004f, R10=0x00007f658d137418, R11=0x00000000f78bac18
R12=0x000000000000083a, R13=0x00000000498b9410, R14=0x00007f659cc48340, R15=0x00007f657d0dc83a
RIP=0x00007f65a24abe10, EFLAGS=0x0000000000010206, CSGSFS=0x002b000000000033, ERR=0x0000000000000004
  TRAPNO=0x000000000000000e

Top of Stack: (sp=0x00007f65a5c47d80)
0x00007f65a5c47d80:   0000000000000000 00007f659cc48510
0x00007f65a5c47d90:   00007f659c000020 00007f659cc48540
0x00007f65a5c47da0:   0000000000000000 00007f659ccce420
0x00007f65a5c47db0:   00007f659c00b800 00000000a4726801
0x00007f65a5c47dc0:   000000000000004f 00007f659d331280
0x00007f65a5c47dd0:   000000000000004f 00000000498b9410
0x00007f65a5c47de0:   00007f659d1fb250 00007f659d1fb120
0x00007f65a5c47df0:   00007f65a5c47e40 00007f65a24acabe
0x00007f65a5c47e00:   01007f650000004f 00007f65a5c47e60
0x00007f65a5c47e10:   00007f657d0ca661 000000000000004f
0x00007f65a5c47e20:   00007f659c00b9e0 00007f65a5c482b8
0x00007f65a5c47e30:   00007f65a5c47e60 00007f659d1fb250
0x00007f65a5c47e40:   00007f65a5c482a0 00007f65a24aaac5
0x00007f65a5c47e50:   00007f659ccce420 0000000000000001
0x00007f65a5c47e60:   697270732f67726f 77656d617266676e
0x00007f65a5c47e70:   746f6f622f6b726f 2f726564616f6c2f
0x00007f65a5c47e80:   6e61522f61746164 73656363416d6f64
0x00007f65a5c47e90:   6c69466174614473 6e49617461442465
0x00007f65a5c47ea0:   6165727453747570 007373616c632e6d
0x00007f65a5c47eb0:   00007f65a5c47ef0 00007f65a475e695
0x00007f65a5c47ec0:   00007f6500000000 0000000000000078
0x00007f65a5c47ed0:   2d544f4f4202be8d 2f62696c2f464e49
0x00007f65a5c47ee0:   65772d6a34676f6c 616a2e372e322d62
0x00007f65a5c47ef0:   0a031402014b5072 be94db0000080000
0x00007f65a5c47f00:   038cac79e8508e4a 00001b00038cac00
0x00007f65a5c47f10:   0000000000000000 4202bef97c81a400
0x00007f65a5c47f20:   2f464e492d544f4f 6e6f73672f62696c
0x00007f65a5c47f30:   6a2e312e382e322d 000006054b507261
0x00007f65a5c47f40:   40d300b500b50000 000002c286610000
0x00007f65a5c47f50:   00007f65a5c47fb0 00007f65a4726801
0x00007f65a5c47f60:   0000000000000108 00007f65a5c47fb0
0x00007f65a5c47f70:   00007f65a5c47f90 00007f65a454caf8 

Instructions: (pc=0x00007f65a24abe10)
0x00007f65a24abdf0:   00 00 00 48 c7 40 28 00 00 00 00 4d 8b 24 24 0f
0x00007f65a24abe00:   84 1b 01 00 00 4c 2b 63 28 4c 8b 7b 18 4d 01 e7
0x00007f65a24abe10:   41 0f b7 47 1e 45 0f b7 6f 1c 45 31 e4 66 89 45
0x00007f65a24abe20:   ca 41 0f b7 47 20 44 89 ea 66 89 45 c8 41 8b 47 

Register to memory mapping:

RAX=0x00007f659cc48340 is an unknown value
RBX=0x00007f659d1fb250 is an unknown value
RCX=0x00007f659c0008d0 is an unknown value
RDX=0x00007f659cc48340 is an unknown value
RSP=0x00007f65a5c47d80 is pointing into the stack for thread: 0x00007f659c00b800
RBP=0x00007f65a5c47df0 is pointing into the stack for thread: 0x00007f659c00b800
RSI=0x00007f659c0008e8 is an unknown value
RDI=0x00007f659d3b1e50 is an unknown value
R8 =0x00000000498b9410 is an unknown value
R9 =0x000000000000004f is an unknown value
R10=0x00007f658d137418 is at entry_point+88 in (nmethod*)0x00007f658d137250
R11=0x00000000f78bac18 is an oop
